<?xml version="1.0" encoding="UTF-8"?>
<!-- Generated by org.testng.reporters.JUnitReportReporter -->
<testsuite hostname="Harshas-Air.bbrouter" failures="0" tests="1" name="AQAclass.A7_INR_optionsvalidation" time="0.301" errors="0" timestamp="2024-05-28T17:19:34 IST" skipped="0">
  <testcase classname="AQAclass.A7_INR_optionsvalidation" name="options" time="0.301"/>
  <system-out/>
</testsuite> <!-- AQAclass.A7_INR_optionsvalidation -->
