<?xml version="1.0" encoding="UTF-8"?>
<!-- Generated by org.testng.reporters.JUnitReportReporter -->
<testsuite hostname="Harshas-Air.bbrouter" failures="0" tests="1" name="AQAclass.A3_Popupwindow" time="31.645" errors="0" timestamp="2024-05-28T17:06:04 IST" skipped="0">
  <testcase classname="AQAclass.A3_Popupwindow" name="windowpopup" time="31.645"/>
  <system-out/>
</testsuite> <!-- AQAclass.A3_Popupwindow -->
