<?xml version="1.0" encoding="UTF-8"?>
<!-- Generated by org.testng.reporters.JUnitReportReporter -->
<testsuite hostname="Harshas-Air.bbrouter" failures="0" tests="1" name="AQAclass.A6_Firstselectedoption" time="3.166" errors="0" timestamp="2024-05-28T17:19:09 IST" skipped="0">
  <testcase classname="AQAclass.A6_Firstselectedoption" name="optionss" time="3.166"/>
  <system-out/>
</testsuite> <!-- AQAclass.A6_Firstselectedoption -->
