<?xml version="1.0" encoding="UTF-8"?>
<!-- Generated by org.testng.reporters.JUnitReportReporter -->
<testsuite hostname="Harshas-Air.bbrouter" failures="0" tests="1" name="AQAclass.A8_Boolean_Oneway" time="3.559" errors="0" timestamp="2024-05-28T17:19:55 IST" skipped="0">
  <testcase classname="AQAclass.A8_Boolean_Oneway" name="Round" time="3.559"/>
  <system-out/>
</testsuite> <!-- AQAclass.A8_Boolean_Oneway -->
