<?xml version="1.0" encoding="UTF-8"?>
<!-- Generated by org.testng.reporters.JUnitReportReporter -->
<testsuite hostname="Harshas-Air.bbrouter" failures="0" tests="1" name="AQAclass.B20_ScrollBar_Element" time="9.100" errors="0" timestamp="2024-05-28T18:01:06 IST" skipped="0">
  <testcase classname="AQAclass.B20_ScrollBar_Element" name="Scrollflow" time="9.100"/>
  <system-out/>
</testsuite> <!-- AQAclass.B20_ScrollBar_Element -->
