<?xml version="1.0" encoding="UTF-8"?>
<!-- Generated by org.testng.reporters.JUnitReportReporter -->
<testsuite hostname="Harshas-Air.bbrouter" failures="0" tests="1" name="AQAclass.B15_Frames" time="3.597" errors="0" timestamp="2024-05-28T17:56:10 IST" skipped="0">
  <testcase classname="AQAclass.B15_Frames" name="clickable" time="3.597"/>
  <system-out/>
</testsuite> <!-- AQAclass.B15_Frames -->
