<?xml version="1.0" encoding="UTF-8"?>
<!-- Generated by org.testng.reporters.JUnitReportReporter -->
<testsuite hostname="Harshas-Air.bbrouter" failures="0" tests="1" name="AQAclass.B14_FlipkartGeneric" time="15.118" errors="0" timestamp="2024-05-28T17:55:45 IST" skipped="0">
  <testcase classname="AQAclass.B14_FlipkartGeneric" name="clickable" time="15.118"/>
  <system-out/>
</testsuite> <!-- AQAclass.B14_FlipkartGeneric -->
