<?xml version="1.0" encoding="UTF-8"?>
<!-- Generated by org.testng.reporters.JUnitReportReporter -->
<testsuite hostname="Harshas-Air.bbrouter" failures="0" tests="1" name="AQAclass.A2_MouseOverActions" time="6.234" errors="0" timestamp="2024-05-28T17:01:43 IST" skipped="0">
  <testcase classname="AQAclass.A2_MouseOverActions" name="mouseOvver" time="6.234"/>
  <system-out/>
</testsuite> <!-- AQAclass.A2_MouseOverActions -->
