<?xml version="1.0" encoding="UTF-8"?>
<!-- Generated by org.testng.reporters.JUnitReportReporter -->
<testsuite hostname="Harshas-Air.bbrouter" failures="0" tests="1" name="AQAclass.B11_Array" time="35.334" errors="0" timestamp="2024-05-28T17:46:11 IST" skipped="0">
  <testcase classname="AQAclass.B11_Array" name="functionality" time="35.334"/>
  <system-out/>
</testsuite> <!-- AQAclass.B11_Array -->
