<?xml version="1.0" encoding="UTF-8"?>
<!-- Generated by org.testng.reporters.JUnitReportReporter -->
<testsuite hostname="Harshas-Air.bbrouter" failures="0" tests="1" name="AQAclass.B17_Ajaxcontrol" time="6.160" errors="0" timestamp="2024-05-28T17:59:01 IST" skipped="0">
  <testcase classname="AQAclass.B17_Ajaxcontrol" name="clickable" time="6.160"/>
  <system-out/>
</testsuite> <!-- AQAclass.B17_Ajaxcontrol -->
